<?xml version="1.0" encoding="UTF-8"?>
<TestRun id="4cce0605-e048-4125-9bed-b8d5b542ec72" name="imran@IMRAN_430 2016-01-15 10:08:28" runUser="IMRAN_430\imran" xmlns="http://microsoft.com/schemas/VisualStudio/TeamTest/2010">
  <TestSettings name="Local" id="0f063a22-b4ba-4613-a4a2-0f24466c04ba">
    <Description>These are default test settings for a local test run.</Description>
    <Deployment enabled="false" runDeploymentRoot="imran_IMRAN_430 2016-01-15 10_08_28">
      <DeploymentItem filename="D:\aspose\swagger\swagger-codegen-2.0.17\aspose\csharp\pdf\packages\LinqBridge.1.3.0\lib\net20\LinqBridge.dll" />
      <DeploymentItem filename="D:\aspose\swagger\swagger-codegen-2.0.17\aspose\csharp\pdf\packages\Aspose.Storage_Cloud.1.0.0\lib\Aspose.Storage_Cloud.dll" />
      <DeploymentItem filename="D:\aspose\swagger\swagger-codegen-2.0.17\aspose\csharp\pdf\bin\Debug\ConsoleApplication.exe" />
      <DeploymentItem filename="D:\aspose\swagger\swagger-codegen-2.0.17\aspose\csharp\pdf\bin\Newtonsoft.Json.dll" />
    </Deployment>
    <Execution>
      <TestTypeSpecific />
      <AgentRule name="Execution Agents">
      </AgentRule>
    </Execution>
  </TestSettings>
  <Times creation="2016-01-15T10:08:28.8712148+05:00" queuing="2016-01-15T10:08:28.9104145+05:00" start="2016-01-15T10:08:28.9144169+05:00" finish="2016-01-15T10:08:34.7875948+05:00" />
  <ResultSummary outcome="Failed">
    <Counters total="1" executed="1" error="0" failed="1" timeout="0" aborted="0" inconclusive="0" passedButRunAborted="0" notRunnable="0" notExecuted="0" disconnected="0" warning="0" passed="0" completed="0" inProgress="0" pending="0" />
  </ResultSummary>
  <TestDefinitions>
    <UnitTest name="TestGetPageLinkAnnotationByIndex" storage="d:\aspose\swagger\swagger-codegen-2.0.17\aspose\csharp\pdf\pdftest\bin\debug\pdftest.dll" id="b01b97fc-08eb-47ee-1752-a0b53fb1532a">
      <Execution id="610a8f9c-061f-427c-9414-5bdec399761e" />
      <TestMethod codeBase="D:/aspose/swagger/swagger-codegen-2.0.17/aspose/csharp/pdf/PDFTest/bin/Debug/PDFTest.DLL" adapterTypeName="Microsoft.VisualStudio.TestTools.TestTypes.Unit.UnitTestAdapter, Microsoft.VisualStudio.QualityTools.Tips.UnitTest.Adapter, Version=10.0.0.0, Culture=neutral, PublicKeyToken=b03f5f7f11d50a3a" className="PDFTest.TestPdfApi, PDFTest, Version=1.0.0.0, Culture=neutral, PublicKeyToken=null" name="TestGetPageLinkAnnotationByIndex" />
    </UnitTest>
  </TestDefinitions>
  <TestLists>
    <TestList name="Results Not in a List" id="8c84fa94-04c1-424b-9868-57a2d4851a1d" />
    <TestList name="All Loaded Results" id="19431567-8539-422a-85d7-44ee4e166bda" />
  </TestLists>
  <TestEntries>
    <TestEntry testId="b01b97fc-08eb-47ee-1752-a0b53fb1532a" executionId="610a8f9c-061f-427c-9414-5bdec399761e" testListId="8c84fa94-04c1-424b-9868-57a2d4851a1d" />
  </TestEntries>
  <Results>
    <UnitTestResult executionId="610a8f9c-061f-427c-9414-5bdec399761e" testId="b01b97fc-08eb-47ee-1752-a0b53fb1532a" testName="TestGetPageLinkAnnotationByIndex" computerName="IMRAN_430" duration="00:00:05.6792879" startTime="2016-01-15T10:08:28.9154180+05:00" endTime="2016-01-15T10:08:34.7745872+05:00" testType="13cdc9d9-ddb5-4fa4-a97d-d965ccfc6d4b" outcome="Failed" testListId="8c84fa94-04c1-424b-9868-57a2d4851a1d" relativeResultsDirectory="610a8f9c-061f-427c-9414-5bdec399761e">
      <Output>
        <ErrorInfo>
          <Message>Test method PDFTest.TestPdfApi.TestGetPageLinkAnnotationByIndex threw exception: 
Com.Aspose.PDF.ApiException: The remote server returned an error: (400) Bad Request.</Message>
          <StackTrace>    at Com.Aspose.PDF.Api.PdfApi.GetPageLinkAnnotationByIndex(String name, Nullable`1 pageNumber, Nullable`1 linkIndex, String storage, String folder) in D:\aspose\swagger\swagger-codegen-2.0.17\aspose\csharp\pdf\src\Com\Aspose\PDF\Api\PdfApi.cs:line 2379
   at PDFTest.TestPdfApi.TestGetPageLinkAnnotationByIndex() in D:\aspose\swagger\swagger-codegen-2.0.17\aspose\csharp\pdf\PDFTest\PdfApiTest.cs:line 655
</StackTrace>
        </ErrorInfo>
      </Output>
    </UnitTestResult>
  </Results>
</TestRun>