<?xml version="1.0" encoding="UTF-8"?>
<TestRun id="d1d8f59f-2ecb-4a44-a887-2922d8903cfb" name="imran@IMRAN_430 2016-01-16 15:43:01" runUser="IMRAN_430\imran" xmlns="http://microsoft.com/schemas/VisualStudio/TeamTest/2010">
  <TestSettings name="Local" id="0f063a22-b4ba-4613-a4a2-0f24466c04ba">
    <Description>These are default test settings for a local test run.</Description>
    <Deployment enabled="false" runDeploymentRoot="imran_IMRAN_430 2016-01-16 15_43_01">
      <DeploymentItem filename="D:\aspose\swagger\swagger-codegen-2.0.17\aspose\csharp\storage\bin\Debug\Aspose.Storage-Cloud.dll" />
      <DeploymentItem filename="D:\aspose\swagger\swagger-codegen-2.0.17\aspose\csharp\pdf\bin\Newtonsoft.Json.dll" />
      <DeploymentItem filename="D:\aspose\swagger\swagger-codegen-2.0.17\aspose\csharp\pdf\bin\Debug\ConsoleApplication.exe" />
      <DeploymentItem filename="D:\aspose\swagger\swagger-codegen-2.0.17\aspose\csharp\pdf\packages\LinqBridge.1.3.0\lib\net20\LinqBridge.dll" />
    </Deployment>
    <Execution>
      <TestTypeSpecific />
      <AgentRule name="Execution Agents">
      </AgentRule>
    </Execution>
  </TestSettings>
  <Times creation="2016-01-16T15:43:01.1856624+05:00" queuing="2016-01-16T15:43:01.2269520+05:00" start="2016-01-16T15:43:01.2309548+05:00" finish="2016-01-16T15:43:03.2080609+05:00" />
  <ResultSummary outcome="Failed">
    <Counters total="1" executed="1" error="0" failed="1" timeout="0" aborted="0" inconclusive="0" passedButRunAborted="0" notRunnable="0" notExecuted="0" disconnected="0" warning="0" passed="0" completed="0" inProgress="0" pending="0" />
  </ResultSummary>
  <TestDefinitions>
    <UnitTest name="TestPutUpdateFields" storage="d:\aspose\swagger\swagger-codegen-2.0.17\aspose\csharp\pdf\pdftest\bin\debug\pdftest.dll" id="4a1e0c87-93b4-2852-a359-7554778ed935">
      <Execution id="5f0efd99-c1c8-4b23-85d5-71cb7ed5bd29" />
      <TestMethod codeBase="D:/aspose/swagger/swagger-codegen-2.0.17/aspose/csharp/pdf/PDFTest/bin/Debug/PDFTest.DLL" adapterTypeName="Microsoft.VisualStudio.TestTools.TestTypes.Unit.UnitTestAdapter, Microsoft.VisualStudio.QualityTools.Tips.UnitTest.Adapter, Version=10.0.0.0, Culture=neutral, PublicKeyToken=b03f5f7f11d50a3a" className="PDFTest.TestPdfApi, PDFTest, Version=1.0.0.0, Culture=neutral, PublicKeyToken=null" name="TestPutUpdateFields" />
    </UnitTest>
  </TestDefinitions>
  <TestLists>
    <TestList name="Results Not in a List" id="8c84fa94-04c1-424b-9868-57a2d4851a1d" />
    <TestList name="All Loaded Results" id="19431567-8539-422a-85d7-44ee4e166bda" />
  </TestLists>
  <TestEntries>
    <TestEntry testId="4a1e0c87-93b4-2852-a359-7554778ed935" executionId="5f0efd99-c1c8-4b23-85d5-71cb7ed5bd29" testListId="8c84fa94-04c1-424b-9868-57a2d4851a1d" />
  </TestEntries>
  <Results>
    <UnitTestResult executionId="5f0efd99-c1c8-4b23-85d5-71cb7ed5bd29" testId="4a1e0c87-93b4-2852-a359-7554778ed935" testName="TestPutUpdateFields" computerName="IMRAN_430" duration="00:00:01.7961973" startTime="2016-01-16T15:43:01.2319555+05:00" endTime="2016-01-16T15:43:03.1950517+05:00" testType="13cdc9d9-ddb5-4fa4-a97d-d965ccfc6d4b" outcome="Failed" testListId="8c84fa94-04c1-424b-9868-57a2d4851a1d" relativeResultsDirectory="5f0efd99-c1c8-4b23-85d5-71cb7ed5bd29">
      <Output>
        <DebugTrace>IN INVOKE method
after SERIALIZE
GETTING RESPONSE
</DebugTrace>
        <ErrorInfo>
          <Message>Test method PDFTest.TestPdfApi.TestPutUpdateFields threw exception: 
Com.Aspose.PDF.ApiException: The remote server returned an error: (400) Bad Request.</Message>
          <StackTrace>    at Com.Aspose.PDF.Api.PdfApi.PutUpdateFields(String name, String storage, String folder, Fields body) in D:\aspose\swagger\swagger-codegen-2.0.17\aspose\csharp\pdf\src\Com\Aspose\PDF\Api\PdfApi.cs:line 1553
   at PDFTest.TestPdfApi.TestPutUpdateFields() in D:\aspose\swagger\swagger-codegen-2.0.17\aspose\csharp\pdf\PDFTest\PdfApiTest.cs:line 1509
</StackTrace>
        </ErrorInfo>
      </Output>
    </UnitTestResult>
  </Results>
</TestRun>