<?xml version="1.0" encoding="UTF-8"?>
<TestRun id="650beb5b-f3de-460d-98a0-00c896411c17" name="imran@IMRAN_430 2016-01-16 15:32:54" runUser="IMRAN_430\imran" xmlns="http://microsoft.com/schemas/VisualStudio/TeamTest/2010">
  <TestSettings name="Local" id="0f063a22-b4ba-4613-a4a2-0f24466c04ba">
    <Description>These are default test settings for a local test run.</Description>
    <Deployment enabled="false" runDeploymentRoot="imran_IMRAN_430 2016-01-16 15_32_54">
      <DeploymentItem filename="D:\aspose\swagger\swagger-codegen-2.0.17\aspose\csharp\storage\bin\Debug\Aspose.Storage-Cloud.dll" />
      <DeploymentItem filename="D:\aspose\swagger\swagger-codegen-2.0.17\aspose\csharp\pdf\bin\Newtonsoft.Json.dll" />
      <DeploymentItem filename="D:\aspose\swagger\swagger-codegen-2.0.17\aspose\csharp\pdf\bin\Debug\ConsoleApplication.exe" />
      <DeploymentItem filename="D:\aspose\swagger\swagger-codegen-2.0.17\aspose\csharp\pdf\packages\LinqBridge.1.3.0\lib\net20\LinqBridge.dll" />
    </Deployment>
    <Execution>
      <TestTypeSpecific />
      <AgentRule name="Execution Agents">
      </AgentRule>
    </Execution>
  </TestSettings>
  <Times creation="2016-01-16T15:32:54.7371205+05:00" queuing="2016-01-16T15:32:54.7725569+05:00" start="2016-01-16T15:32:54.7770769+05:00" finish="2016-01-16T15:33:02.8551016+05:00" />
  <ResultSummary outcome="Completed">
    <Counters total="1" executed="1" passed="1" error="0" failed="0" timeout="0" aborted="0" inconclusive="0" passedButRunAborted="0" notRunnable="0" notExecuted="0" disconnected="0" warning="0" completed="0" inProgress="0" pending="0" />
  </ResultSummary>
  <TestDefinitions>
    <UnitTest name="TestPostSignDocument" storage="d:\aspose\swagger\swagger-codegen-2.0.17\aspose\csharp\pdf\pdftest\bin\debug\pdftest.dll" id="359f34a1-82ce-ea7a-59c6-88dc796cfa3a">
      <Execution id="5ff75476-c8e4-4061-b2fb-e98b468fc382" />
      <TestMethod codeBase="D:/aspose/swagger/swagger-codegen-2.0.17/aspose/csharp/pdf/PDFTest/bin/Debug/PDFTest.DLL" adapterTypeName="Microsoft.VisualStudio.TestTools.TestTypes.Unit.UnitTestAdapter, Microsoft.VisualStudio.QualityTools.Tips.UnitTest.Adapter, Version=10.0.0.0, Culture=neutral, PublicKeyToken=b03f5f7f11d50a3a" className="PDFTest.TestPdfApi, PDFTest, Version=1.0.0.0, Culture=neutral, PublicKeyToken=null" name="TestPostSignDocument" />
    </UnitTest>
  </TestDefinitions>
  <TestLists>
    <TestList name="Results Not in a List" id="8c84fa94-04c1-424b-9868-57a2d4851a1d" />
    <TestList name="All Loaded Results" id="19431567-8539-422a-85d7-44ee4e166bda" />
  </TestLists>
  <TestEntries>
    <TestEntry testId="359f34a1-82ce-ea7a-59c6-88dc796cfa3a" executionId="5ff75476-c8e4-4061-b2fb-e98b468fc382" testListId="8c84fa94-04c1-424b-9868-57a2d4851a1d" />
  </TestEntries>
  <Results>
    <UnitTestResult executionId="5ff75476-c8e4-4061-b2fb-e98b468fc382" testId="359f34a1-82ce-ea7a-59c6-88dc796cfa3a" testName="TestPostSignDocument" computerName="IMRAN_430" duration="00:00:07.8678893" startTime="2016-01-16T15:32:54.7790594+05:00" endTime="2016-01-16T15:33:02.8280853+05:00" testType="13cdc9d9-ddb5-4fa4-a97d-d965ccfc6d4b" outcome="Passed" testListId="8c84fa94-04c1-424b-9868-57a2d4851a1d" relativeResultsDirectory="5ff75476-c8e4-4061-b2fb-e98b468fc382">
      <Output>
        <StdOut>Field added, Done!</StdOut>
        <DebugTrace>IN INVOKE method
after SERIALIZE
GETTING RESPONSE
GET RESPONSE
json:{"Field":{"Name":"signature","Type":0,"Values":["NewFieldValue"],"SelectedItems":[1],"Rect":{"X":100,"Y":100,"Width":200,"Height":100},"Links":[{"Href":"http://api.aspose.com/v1.1/pdf/ABFillablewfields.pdf/fields/NewField","Rel":"self","Type":"0","Title":"NewField"}]},"Code":200,"Status":"OK"}
IN INVOKE method
after SERIALIZE
GETTING RESPONSE
GET RESPONSE
json:{"Field":{"Name":"signature","Type":0,"Values":["NewFieldValue"],"SelectedItems":[1],"Rect":{"X":100,"Y":100,"Width":200,"Height":100},"Links":[{"Href":"http://api.aspose.com/v1.1/pdf/ABFillablewfields.pdf/fields/NewField","Rel":"self","Type":"0","Title":"NewField"}]},"Code":200,"Status":"OK"}
IN INVOKE method
after SERIALIZE
GETTING RESPONSE
GET RESPONSE
json:{"Field":{"Name":"signature","Type":0,"Values":["NewFieldValue"],"SelectedItems":[1],"Rect":{"X":100,"Y":100,"Width":200,"Height":100},"Links":[{"Href":"http://api.aspose.com/v1.1/pdf/ABFillablewfields.pdf/fields/NewField","Rel":"self","Type":"0","Title":"NewField"}]},"Code":200,"Status":"OK"}
IN INVOKE method
after SERIALIZE
GETTING RESPONSE
GET RESPONSE
json:{"Code":200,"Status":"OK"}
</DebugTrace>
      </Output>
    </UnitTestResult>
  </Results>
</TestRun>