<?xml version="1.0" encoding="UTF-8"?>
<TestRun id="172dfd0c-cbfa-49f6-b218-3dd2080da593" name="imran@IMRAN_430 2016-01-13 12:50:50" runUser="IMRAN_430\imran" xmlns="http://microsoft.com/schemas/VisualStudio/TeamTest/2010">
  <TestSettings name="Local" id="0f063a22-b4ba-4613-a4a2-0f24466c04ba">
    <Description>These are default test settings for a local test run.</Description>
    <Deployment enabled="false" runDeploymentRoot="imran_IMRAN_430 2016-01-13 12_50_50">
      <DeploymentItem filename="D:\aspose\swagger\swagger-codegen-2.0.17\aspose\csharp\pdf\bin\Debug\ConsoleApplication.exe" />
      <DeploymentItem filename="D:\aspose\swagger\swagger-codegen-2.0.17\aspose\csharp\pdf\packages\LinqBridge.1.3.0\lib\net20\LinqBridge.dll" />
      <DeploymentItem filename="D:\aspose\swagger\swagger-codegen-2.0.17\aspose\csharp\pdf\packages\Aspose.Storage_Cloud.1.0.0\lib\Aspose.Storage_Cloud.dll" />
      <DeploymentItem filename="D:\aspose\swagger\swagger-codegen-2.0.17\aspose\csharp\pdf\bin\Newtonsoft.Json.dll" />
    </Deployment>
    <Execution>
      <TestTypeSpecific />
      <AgentRule name="Execution Agents">
      </AgentRule>
    </Execution>
  </TestSettings>
  <Times creation="2016-01-13T12:50:50.7735507+05:00" queuing="2016-01-13T12:50:50.8040724+05:00" start="2016-01-13T12:50:50.8080745+05:00" finish="2016-01-13T12:50:53.4218214+05:00" />
  <ResultSummary outcome="Completed">
    <Counters total="1" executed="1" passed="1" error="0" failed="0" timeout="0" aborted="0" inconclusive="0" passedButRunAborted="0" notRunnable="0" notExecuted="0" disconnected="0" warning="0" completed="0" inProgress="0" pending="0" />
  </ResultSummary>
  <TestDefinitions>
    <UnitTest name="TestGetDocument" storage="d:\aspose\swagger\swagger-codegen-2.0.17\aspose\csharp\pdf\pdftest\bin\debug\pdftest.dll" id="d8eee31b-5928-7e9c-87ec-59a144aaa2f5">
      <Execution id="57d29723-43b0-4700-8ddb-ed8a400d7462" />
      <TestMethod codeBase="D:/aspose/swagger/swagger-codegen-2.0.17/aspose/csharp/pdf/PDFTest/bin/Debug/PDFTest.DLL" adapterTypeName="Microsoft.VisualStudio.TestTools.TestTypes.Unit.UnitTestAdapter, Microsoft.VisualStudio.QualityTools.Tips.UnitTest.Adapter, Version=10.0.0.0, Culture=neutral, PublicKeyToken=b03f5f7f11d50a3a" className="PDFTest.TestPdfApi, PDFTest, Version=1.0.0.0, Culture=neutral, PublicKeyToken=null" name="TestGetDocument" />
    </UnitTest>
  </TestDefinitions>
  <TestLists>
    <TestList name="Results Not in a List" id="8c84fa94-04c1-424b-9868-57a2d4851a1d" />
    <TestList name="All Loaded Results" id="19431567-8539-422a-85d7-44ee4e166bda" />
  </TestLists>
  <TestEntries>
    <TestEntry testId="d8eee31b-5928-7e9c-87ec-59a144aaa2f5" executionId="57d29723-43b0-4700-8ddb-ed8a400d7462" testListId="8c84fa94-04c1-424b-9868-57a2d4851a1d" />
  </TestEntries>
  <Results>
    <UnitTestResult executionId="57d29723-43b0-4700-8ddb-ed8a400d7462" testId="d8eee31b-5928-7e9c-87ec-59a144aaa2f5" testName="TestGetDocument" computerName="IMRAN_430" duration="00:00:02.4342427" startTime="2016-01-13T12:50:50.8100771+05:00" endTime="2016-01-13T12:50:53.4062250+05:00" testType="13cdc9d9-ddb5-4fa4-a97d-d965ccfc6d4b" outcome="Passed" testListId="8c84fa94-04c1-424b-9868-57a2d4851a1d" relativeResultsDirectory="57d29723-43b0-4700-8ddb-ed8a400d7462">
    </UnitTestResult>
  </Results>
</TestRun>