<?xml version="1.0" encoding="UTF-8"?>
<TestRun id="29f0a79e-cbb0-4a13-8f70-6f18c6834240" name="imran@IMRAN_430 2016-01-15 10:10:29" runUser="IMRAN_430\imran" xmlns="http://microsoft.com/schemas/VisualStudio/TeamTest/2010">
  <TestSettings name="Local" id="0f063a22-b4ba-4613-a4a2-0f24466c04ba">
    <Description>These are default test settings for a local test run.</Description>
    <Deployment enabled="false" runDeploymentRoot="imran_IMRAN_430 2016-01-15 10_10_29">
      <DeploymentItem filename="D:\aspose\swagger\swagger-codegen-2.0.17\aspose\csharp\pdf\packages\LinqBridge.1.3.0\lib\net20\LinqBridge.dll" />
      <DeploymentItem filename="D:\aspose\swagger\swagger-codegen-2.0.17\aspose\csharp\pdf\packages\Aspose.Storage_Cloud.1.0.0\lib\Aspose.Storage_Cloud.dll" />
      <DeploymentItem filename="D:\aspose\swagger\swagger-codegen-2.0.17\aspose\csharp\pdf\bin\Debug\ConsoleApplication.exe" />
      <DeploymentItem filename="D:\aspose\swagger\swagger-codegen-2.0.17\aspose\csharp\pdf\bin\Newtonsoft.Json.dll" />
    </Deployment>
    <Execution>
      <TestTypeSpecific />
      <AgentRule name="Execution Agents">
      </AgentRule>
    </Execution>
  </TestSettings>
  <Times creation="2016-01-15T10:10:29.6626597+05:00" queuing="2016-01-15T10:10:29.7902721+05:00" start="2016-01-15T10:10:29.7962767+05:00" finish="2016-01-15T10:10:32.6499683+05:00" />
  <ResultSummary outcome="Failed">
    <Counters total="1" executed="1" error="0" failed="1" timeout="0" aborted="0" inconclusive="0" passedButRunAborted="0" notRunnable="0" notExecuted="0" disconnected="0" warning="0" passed="0" completed="0" inProgress="0" pending="0" />
  </ResultSummary>
  <TestDefinitions>
    <UnitTest name="TestPutSetProperty" storage="d:\aspose\swagger\swagger-codegen-2.0.17\aspose\csharp\pdf\pdftest\bin\debug\pdftest.dll" id="f0622397-d5a2-9175-8744-2cadcd55d58e">
      <Execution id="95d8ba0f-3bb2-4c72-bc7a-1848825d478f" />
      <TestMethod codeBase="D:/aspose/swagger/swagger-codegen-2.0.17/aspose/csharp/pdf/PDFTest/bin/Debug/PDFTest.DLL" adapterTypeName="Microsoft.VisualStudio.TestTools.TestTypes.Unit.UnitTestAdapter, Microsoft.VisualStudio.QualityTools.Tips.UnitTest.Adapter, Version=10.0.0.0, Culture=neutral, PublicKeyToken=b03f5f7f11d50a3a" className="PDFTest.TestPdfApi, PDFTest, Version=1.0.0.0, Culture=neutral, PublicKeyToken=null" name="TestPutSetProperty" />
    </UnitTest>
  </TestDefinitions>
  <TestLists>
    <TestList name="Results Not in a List" id="8c84fa94-04c1-424b-9868-57a2d4851a1d" />
    <TestList name="All Loaded Results" id="19431567-8539-422a-85d7-44ee4e166bda" />
  </TestLists>
  <TestEntries>
    <TestEntry testId="f0622397-d5a2-9175-8744-2cadcd55d58e" executionId="95d8ba0f-3bb2-4c72-bc7a-1848825d478f" testListId="8c84fa94-04c1-424b-9868-57a2d4851a1d" />
  </TestEntries>
  <Results>
    <UnitTestResult executionId="95d8ba0f-3bb2-4c72-bc7a-1848825d478f" testId="f0622397-d5a2-9175-8744-2cadcd55d58e" testName="TestPutSetProperty" computerName="IMRAN_430" duration="00:00:02.6648142" startTime="2016-01-15T10:10:29.7982765+05:00" endTime="2016-01-15T10:10:32.6379779+05:00" testType="13cdc9d9-ddb5-4fa4-a97d-d965ccfc6d4b" outcome="Failed" testListId="8c84fa94-04c1-424b-9868-57a2d4851a1d" relativeResultsDirectory="95d8ba0f-3bb2-4c72-bc7a-1848825d478f">
      <Output>
        <ErrorInfo>
          <Message>Test method PDFTest.TestPdfApi.TestPutSetProperty threw exception: 
Com.Aspose.PDF.ApiException: The remote server returned an error: (400) Bad Request.</Message>
          <StackTrace>    at Com.Aspose.PDF.Api.PdfApi.PutSetProperty(String name, String propertyName, String storage, String folder, DocumentProperty body) in D:\aspose\swagger\swagger-codegen-2.0.17\aspose\csharp\pdf\src\Com\Aspose\PDF\Api\PdfApi.cs:line 3336
   at PDFTest.TestPdfApi.TestPutSetProperty() in D:\aspose\swagger\swagger-codegen-2.0.17\aspose\csharp\pdf\PDFTest\PdfApiTest.cs:line 1416
</StackTrace>
        </ErrorInfo>
      </Output>
    </UnitTestResult>
  </Results>
</TestRun>